# JRE version: OpenJDK Runtime Environment Microsoft-13877129 (17.0.19+10) (build 17.0.19+10-LTS)
# Java VM: OpenJDK 64-Bit Server VM Microsoft-13877129 (17.0.19+10-LTS, mixed mode, sharing, tiered, compressed oops, compressed class ptrs, g1 gc, windows-amd64)
GC Precious Log:
 CPUs: 8 total, 8 available
 Memory: 15765M
 Large Page Support: Disabled
 NUMA Support: Disabled
 Compressed Oops: Enabled (Zero based)
 Heap Region Size: 4M
 Heap Min Capacity: 8M
 Heap Initial Capacity: 248M
 Heap Max Capacity: 8G
 Pre-touch: Disabled
 Parallel Workers: 8
 Concurrent Workers: 2
 Concurrent Refinement Workers: 8
 Periodic GC: Disabled
Heap:
 garbage-first heap   total 1490944K, used 944891K [0x0000000600000000, 0x0000000800000000)
  region size 4096K, 130 young (532480K), 2 survivors (8192K)
 Metaspace       used 303425K, committed 307968K, reserved 1376256K
  class space    used 39157K, committed 41152K, reserved 1048576K
GC Heap History (20 events):
Event: 4977.204 GC heap before
{Heap before GC invocations=87 (full 0):
 garbage-first heap   total 1777664K, used 1428306K [0x0000000600000000, 0x0000000800000000)
  region size 4096K, 204 young (835584K), 11 survivors (45056K)
 Metaspace       used 297036K, committed 300608K, reserved 1310720K
  class space    used 38327K, committed 40000K, reserved 1048576K
}
Event: 4977.232 GC heap after
{Heap after GC invocations=88 (full 0):
 garbage-first heap   total 1777664K, used 640734K [0x0000000600000000, 0x0000000800000000)
  region size 4096K, 12 young (49152K), 12 survivors (49152K)
 Metaspace       used 297036K, committed 300608K, reserved 1310720K
  class space    used 38327K, committed 40000K, reserved 1048576K
}
Event: 4980.666 GC heap before
{Heap before GC invocations=88 (full 0):
 garbage-first heap   total 1777664K, used 1451742K [0x0000000600000000, 0x0000000800000000)
  region size 4096K, 211 young (864256K), 12 survivors (49152K)
 Metaspace       used 297398K, committed 300992K, reserved 1310720K
  class space    used 38362K, committed 40064K, reserved 1048576K
}
Event: 4980.693 GC heap after
{Heap after GC invocations=89 (full 0):
 garbage-first heap   total 1777664K, used 647168K [0x0000000600000000, 0x0000000800000000)
  region size 4096K, 13 young (53248K), 13 survivors (53248K)
 Metaspace       used 297398K, committed 300992K, reserved 1310720K
  class space    used 38362K, committed 40064K, reserved 1048576K
}
Event: 4983.423 GC heap before
{Heap before GC invocations=89 (full 0):
 garbage-first heap   total 1777664K, used 1470464K [0x0000000600000000, 0x0000000800000000)
  region size 4096K, 214 young (876544K), 13 survivors (53248K)
 Metaspace       used 297534K, committed 301120K, reserved 1310720K
  class space    used 38370K, committed 40064K, reserved 1048576K
}
Event: 4983.446 GC heap after
{Heap after GC invocations=90 (full 0):
 garbage-first heap   total 1777664K, used 644255K [0x0000000600000000, 0x0000000800000000)
  region size 4096K, 13 young (53248K), 13 survivors (53248K)
 Metaspace       used 297534K, committed 301120K, reserved 1310720K
  class space    used 38370K, committed 40064K, reserved 1048576K
}
Event: 4986.498 GC heap before
{Heap before GC invocations=90 (full 0):
 garbage-first heap   total 1777664K, used 1524895K [0x0000000600000000, 0x0000000800000000)
  region size 4096K, 219 young (897024K), 13 survivors (53248K)
 Metaspace       used 301015K, committed 304576K, reserved 1376256K
  class space    used 38749K, committed 40448K, reserved 1048576K
}
Event: 4986.670 GC heap after
{Heap after GC invocations=91 (full 0):
 garbage-first heap   total 1777664K, used 786156K [0x0000000600000000, 0x0000000800000000)
  region size 4096K, 28 young (114688K), 28 survivors (114688K)
 Metaspace       used 301015K, committed 304576K, reserved 1376256K
  class space    used 38749K, committed 40448K, reserved 1048576K
}
Event: 4990.066 GC heap before
{Heap before GC invocations=91 (full 0):
 garbage-first heap   total 1777664K, used 1400556K [0x0000000600000000, 0x0000000800000000)
  region size 4096K, 179 young (733184K), 28 survivors (114688K)
 Metaspace       used 302501K, committed 306112K, reserved 1376256K
  class space    used 38907K, committed 40640K, reserved 1048576K
}
Event: 4990.173 GC heap after
{Heap after GC invocations=92 (full 0):
 garbage-first heap   total 1777664K, used 825852K [0x0000000600000000, 0x0000000800000000)
  region size 4096K, 13 young (53248K), 13 survivors (53248K)
 Metaspace       used 302501K, committed 306112K, reserved 1376256K
  class space    used 38907K, committed 40640K, reserved 1048576K
}
Event: 4992.055 GC heap before
{Heap before GC invocations=92 (full 0):
 garbage-first heap   total 1777664K, used 1436156K [0x0000000600000000, 0x0000000800000000)
  region size 4096K, 157 young (643072K), 13 survivors (53248K)
 Metaspace       used 304471K, committed 308096K, reserved 1376256K
  class space    used 39141K, committed 40896K, reserved 1048576K
}
Event: 4992.101 GC heap after
{Heap after GC invocations=93 (full 0):
 garbage-first heap   total 1777664K, used 897057K [0x0000000600000000, 0x0000000800000000)
  region size 4096K, 13 young (53248K), 13 survivors (53248K)
 Metaspace       used 304471K, committed 308096K, reserved 1376256K
  class space    used 39141K, committed 40896K, reserved 1048576K
}
Event: 6977.931 GC heap before
{Heap before GC invocations=93 (full 0):
 garbage-first heap   total 1777664K, used 1556513K [0x0000000600000000, 0x0000000800000000)
  region size 4096K, 144 young (589824K), 13 survivors (53248K)
 Metaspace       used 306452K, committed 310144K, reserved 1376256K
  class space    used 39385K, committed 41152K, reserved 1048576K
}
Event: 6977.995 GC heap after
{Heap after GC invocations=94 (full 0):
 garbage-first heap   total 1777664K, used 849523K [0x0000000600000000, 0x0000000800000000)
  region size 4096K, 3 young (12288K), 3 survivors (12288K)
 Metaspace       used 306452K, committed 310144K, reserved 1376256K
  class space    used 39385K, committed 41152K, reserved 1048576K
}
Event: 8386.364 GC heap before
{Heap before GC invocations=94 (full 0):
 garbage-first heap   total 1777664K, used 910963K [0x0000000600000000, 0x0000000800000000)
  region size 4096K, 20 young (81920K), 3 survivors (12288K)
 Metaspace       used 306489K, committed 310208K, reserved 1376256K
  class space    used 39385K, committed 41152K, reserved 1048576K
}
Event: 8388.663 GC heap after
{Heap after GC invocations=95 (full 1):
 garbage-first heap   total 1490944K, used 420715K [0x0000000600000000, 0x0000000800000000)
  region size 4096K, 0 young (0K), 0 survivors (0K)
 Metaspace       used 303191K, committed 307968K, reserved 1376256K
  class space    used 39138K, committed 41152K, reserved 1048576K
}
Event: 9470.449 GC heap before
{Heap before GC invocations=95 (full 1):
 garbage-first heap   total 1490944K, used 494443K [0x0000000600000000, 0x0000000800000000)
  region size 4096K, 18 young (73728K), 0 survivors (0K)
 Metaspace       used 303217K, committed 307968K, reserved 1376256K
  class space    used 39139K, committed 41152K, reserved 1048576K
}
Event: 9470.468 GC heap after
{Heap after GC invocations=96 (full 1):
 garbage-first heap   total 1490944K, used 424811K [0x0000000600000000, 0x0000000800000000)
  region size 4096K, 1 young (4096K), 1 survivors (4096K)
 Metaspace       used 303217K, committed 307968K, reserved 1376256K
  class space    used 39139K, committed 41152K, reserved 1048576K
}
Event: 9470.903 GC heap before
{Heap before GC invocations=96 (full 1):
 garbage-first heap   total 1490944K, used 494443K [0x0000000600000000, 0x0000000800000000)
  region size 4096K, 18 young (73728K), 1 survivors (4096K)
 Metaspace       used 303235K, committed 307968K, reserved 1376256K
  class space    used 39140K, committed 41152K, reserved 1048576K
}
Event: 9470.911 GC heap after
{Heap after GC invocations=97 (full 1):
 garbage-first heap   total 1490944K, used 428795K [0x0000000600000000, 0x0000000800000000)
  region size 4096K, 2 young (8192K), 2 survivors (8192K)
 Metaspace       used 303235K, committed 307968K, reserved 1376256K
  class space    used 39140K, committed 41152K, reserved 1048576K
}

